<?xml version="1.0" encoding="utf-8"?>
<shfbBuild product="Sandcastle Help File Builder" version="2015.5.2.0" projectFile="C:\Users\Srujan Jha\Documents\Visual Studio 2015\Projects\BuildmLearnStore\AppStore\Documentation\Documentation.shfbproj" started="7/29/2015 7:36:46 PM">
<buildStep step="Initializing">
Finding tools...
The Sandcastle tools are located in &#39;C:\Program Files (x86)\EWSoftware\Sandcastle Help File Builder\&#39;
Searching for HTML Help 1 compiler...
Found HTML Help 1 compiler in &#39;C:\Program Files (x86)\HTML Help Workshop\&#39;
Locating components in the following folder(s):
   C:\Users\Srujan Jha\Documents\Visual Studio 2015\Projects\BuildmLearnStore\AppStore\Documentation
Using presentation style &#39;VS2013&#39; located in &#39;C:\Program Files (x86)\EWSoftware\Sandcastle Help File Builder\PresentationStyles\VS2013&#39;
Loading and initializing plug-ins...
Lightweight Website Style Version 2015.5.2.0
Copyright &#169; 2006-2015, Eric Woodruff, All Rights Reserved
Portions Copyright &#169; 2014, Sam Harwell, All Rights Reserved
</buildStep>
<buildStep step="ValidatingDocumentationSources">
Validating and copying documentation source information
Source: C:\Users\Srujan Jha\Documents\Visual Studio 2015\Projects\BuildmLearnStore\AppStore\AppStore\AppStore.csproj
    Found project &#39;C:\Users\Srujan Jha\Documents\Visual Studio 2015\Projects\BuildmLearnStore\AppStore\AppStore\AppStore.csproj&#39;

Parsing project files
    Found assembly &#39;C:\Users\Srujan Jha\Documents\Visual Studio 2015\Projects\BuildmLearnStore\AppStore\AppStore\bin\Release\AppStore.exe&#39;

Copying XML comments files
    C:\Users\Srujan Jha\Documents\Visual Studio 2015\Projects\BuildmLearnStore\AppStore\AppStore\bin\Release\AppStore.XML -&gt; C:\Users\Srujan Jha\Documents\Visual Studio 2015\Projects\BuildmLearnStore\AppStore\Documentation\Help\Working\AppStore.XML
</buildStep>
<buildStep step="GenerateSharedContent">
Generating shared content files (en-US, English (United States))...
<plugIn name="Lightweight Website Style" behavior="After" priority="1000">
</plugIn>    Last step completed in 00:00:00.0050
</buildStep>
<buildStep step="GenerateApiFilter">
Generating API filter for MRefBuilder...
    Last step completed in 00:00:00.0010
</buildStep>
<buildStep step="GenerateReflectionInfo">
Generating reflection information...
[C:\Program Files (x86)\MSBuild\14.0\bin\MSBuild.exe]
Build started 7/29/2015 7:36:46 PM.
Project &quot;C:\Users\Srujan Jha\Documents\Visual Studio 2015\Projects\BuildmLearnStore\AppStore\Documentation\Help\Working\GenerateRefInfo.proj&quot; on node 1 (default targets).
PrepareForBuild:
  Creating directory &quot;obj\MCD\Debug\&quot;.
GenerateRefInfo:
  MRefBuilder (v2015.5.2.0)
  Copyright c 2006-2015, Microsoft Corporation, All Rights Reserved.
  Portions Copyright c 2006-2014, Eric Woodruff, All Rights Reserved.
  Loaded 1 assemblies for reflection and 0 dependency assemblies.
  Wrote information on 5 namespaces, 53 types, and 843 members
  Copying file from &quot;reflection.org&quot; to &quot;reflection.all&quot;.
  XslTransform (v2015.5.2.0)
  Copyright c 2006-2015, Microsoft Corporation, All Rights Reserved.
  Portions Copyright c 2006-2014, Eric Woodruff, All Rights Reserved.
  Applying XSL transformation &#39;C:\Program Files (x86)\EWSoftware\Sandcastle Help File Builder\ProductionTransforms\MergeDuplicates.xsl&#39;.
Done Building Project &quot;C:\Users\Srujan Jha\Documents\Visual Studio 2015\Projects\BuildmLearnStore\AppStore\Documentation\Help\Working\GenerateRefInfo.proj&quot; (default targets).

Build succeeded.

Time Elapsed 00:00:01.49
    Last step completed in 00:00:01.6467
</buildStep>
<buildStep step="TransformReflectionInfo">
Transforming reflection output...
[C:\Program Files (x86)\MSBuild\14.0\bin\MSBuild.exe]
Build started 7/29/2015 7:36:48 PM.
Project &quot;C:\Users\Srujan Jha\Documents\Visual Studio 2015\Projects\BuildmLearnStore\AppStore\Documentation\Help\Working\TransformManifest.proj&quot; on node 1 (default targets).
TransformManifest:
  XslTransform (v2015.5.2.0)
  Copyright c 2006-2015, Microsoft Corporation, All Rights Reserved.
  Portions Copyright c 2006-2014, Eric Woodruff, All Rights Reserved.
  Applying XSL transformation &#39;C:\Program Files (x86)\EWSoftware\Sandcastle Help File Builder\\ProductionTransforms\ApplyVSDocModel.xsl&#39;.
  Copying file from &quot;reflection.xml&quot; to &quot;reflection.ungrouped&quot;.
  AddNamespaceGroups (v2015.5.2.0)
  Copyright c 2006-2015, Microsoft Corporation, All Rights Reserved.
  Portions Copyright c 2006-2014, Eric Woodruff, All Rights Reserved.
  Added 0 namespace group entries
  Copying file from &quot;reflection.xml&quot; to &quot;reflection.nofilenames&quot;.
  XslTransform (v2015.5.2.0)
  Copyright c 2006-2015, Microsoft Corporation, All Rights Reserved.
  Portions Copyright c 2006-2014, Eric Woodruff, All Rights Reserved.
  Applying XSL transformation &#39;C:\Program Files (x86)\EWSoftware\Sandcastle Help File Builder\ProductionTransforms\AddFilenames.xsl&#39;.
  XslTransform (v2015.5.2.0)
  Copyright c 2006-2015, Microsoft Corporation, All Rights Reserved.
  Portions Copyright c 2006-2014, Eric Woodruff, All Rights Reserved.
  Applying XSL transformation &#39;C:\Program Files (x86)\EWSoftware\Sandcastle Help File Builder\ProductionTransforms\ReflectionToManifest.xsl&#39;.
Done Building Project &quot;C:\Users\Srujan Jha\Documents\Visual Studio 2015\Projects\BuildmLearnStore\AppStore\Documentation\Help\Working\TransformManifest.proj&quot; (default targets).

Build succeeded.

Time Elapsed 00:00:02.08
    Last step completed in 00:00:02.4232
</buildStep>
<buildStep step="GenerateNamespaceSummaries">
Generating namespace summary information...
    Last step completed in 00:00:00.5880
</buildStep>
<buildStep step="CopyConceptualContent">
Copying conceptual content...
Copying standard token shared content file...
Checking for other token files...
Checking for code snippets files...
Copying images and creating the media map file...
    C:\Users\Srujan Jha\Documents\Visual Studio 2015\Projects\BuildmLearnStore\AppStore\Documentation\icons\aka.png -&gt; C:\Users\Srujan Jha\Documents\Visual Studio 2015\Projects\BuildmLearnStore\AppStore\Documentation\Help\Working\media\aka.png
Generating conceptual topic files
    Parsing topic file &#39;C:\Users\Srujan Jha\Documents\Visual Studio 2015\Projects\BuildmLearnStore\AppStore\Documentation\Content\Welcome.aml&#39;
    C:\Users\Srujan Jha\Documents\Visual Studio 2015\Projects\BuildmLearnStore\AppStore\Documentation\Content\Welcome.aml -&gt; C:\Users\Srujan Jha\Documents\Visual Studio 2015\Projects\BuildmLearnStore\AppStore\Documentation\Help\Working\ddueXml\9e11be52-4f8b-4b2b-b7e6-f9484a1b4e9c.xml
    Parsing topic file &#39;C:\Users\Srujan Jha\Documents\Visual Studio 2015\Projects\BuildmLearnStore\AppStore\Documentation\Content\VersionHistory\VersionHistory.aml&#39;
    C:\Users\Srujan Jha\Documents\Visual Studio 2015\Projects\BuildmLearnStore\AppStore\Documentation\Content\VersionHistory\VersionHistory.aml -&gt; C:\Users\Srujan Jha\Documents\Visual Studio 2015\Projects\BuildmLearnStore\AppStore\Documentation\Help\Working\ddueXml\26cd7cb4-639b-4a50-90fa-59dba81614ad.xml
    Parsing topic file &#39;C:\Users\Srujan Jha\Documents\Visual Studio 2015\Projects\BuildmLearnStore\AppStore\Documentation\Content\VersionHistory\v1.0.0.0.aml&#39;
    C:\Users\Srujan Jha\Documents\Visual Studio 2015\Projects\BuildmLearnStore\AppStore\Documentation\Content\VersionHistory\v1.0.0.0.aml -&gt; C:\Users\Srujan Jha\Documents\Visual Studio 2015\Projects\BuildmLearnStore\AppStore\Documentation\Help\Working\ddueXml\b6d6364f-75e2-442f-8ebd-8fc1e9d2cffc.xml
    Last step completed in 00:00:00.0650
</buildStep>
<buildStep step="CreateConceptualTopicConfigs">
Creating conceptual topic configuration files...
    Companion files
    _ContentMetadata_.xml
    ConceptualManifest.xml
    Last step completed in 00:00:00.0050
</buildStep>
<buildStep step="CopyAdditionalContent">
Copying additional content files...
C:\Users\Srujan Jha\Documents\Visual Studio 2015\Projects\BuildmLearnStore\AppStore\Documentation\icons\Help.png -&gt; C:\Users\Srujan Jha\Documents\Visual Studio 2015\Projects\BuildmLearnStore\AppStore\Documentation\Help\Working\Output\HtmlHelp1\icons\Help.png
C:\Users\Srujan Jha\Documents\Visual Studio 2015\Projects\BuildmLearnStore\AppStore\Documentation\icons\Help.png -&gt; C:\Users\Srujan Jha\Documents\Visual Studio 2015\Projects\BuildmLearnStore\AppStore\Documentation\Help\Working\Output\Website\icons\Help.png
    Last step completed in 00:00:00.0140
</buildStep>
<buildStep step="MergeTablesOfContents">
Merging conceptual and additional tables of contents...
    Last step completed in 00:00:00.0000
</buildStep>
<buildStep step="GenerateIntermediateTableOfContents">
Generating intermediate table of contents file...
[C:\Program Files (x86)\MSBuild\14.0\bin\MSBuild.exe]
Build started 7/29/2015 7:36:51 PM.
Project &quot;C:\Users\Srujan Jha\Documents\Visual Studio 2015\Projects\BuildmLearnStore\AppStore\Documentation\Help\Working\GenerateIntermediateTOC.proj&quot; on node 1 (default targets).
GenerateIntermediateTOC:
  XslTransform (v2015.5.2.0)
  Copyright c 2006-2015, Microsoft Corporation, All Rights Reserved.
  Portions Copyright c 2006-2014, Eric Woodruff, All Rights Reserved.
  Applying XSL transformation &#39;C:\Program Files (x86)\EWSoftware\Sandcastle Help File Builder\\ProductionTransforms\CreateVSToc.xsl&#39;.
Done Building Project &quot;C:\Users\Srujan Jha\Documents\Visual Studio 2015\Projects\BuildmLearnStore\AppStore\Documentation\Help\Working\GenerateIntermediateTOC.proj&quot; (default targets).

Build succeeded.

Time Elapsed 00:00:00.24
Generating conceptual content intermediate TOC file...
    Last step completed in 00:00:00.4109
</buildStep>
<buildStep step="CreateBuildAssemblerConfigs">
Creating Sandcastle configuration files...
    sandcastle.config
    conceptual.config
    Last step completed in 00:00:00.5673
</buildStep>
<buildStep step="MergeCustomConfigs">
Merging custom build component configurations
C:\Users\Srujan Jha\Documents\Visual Studio 2015\Projects\BuildmLearnStore\AppStore\Documentation\Help\Working\sandcastle.config
C:\Users\Srujan Jha\Documents\Visual Studio 2015\Projects\BuildmLearnStore\AppStore\Documentation\Help\Working\conceptual.config
    Removing unused ExampleComponent.
    Last step completed in 00:00:00.2570
</buildStep>
<buildStep step="BuildConceptualTopics">
Building conceptual help topics...
[C:\Program Files (x86)\MSBuild\14.0\bin\MSBuild.exe]
Build started 7/29/2015 7:36:52 PM.
Project &quot;C:\Users\Srujan Jha\Documents\Visual Studio 2015\Projects\BuildmLearnStore\AppStore\Documentation\Help\Working\BuildConceptualTopics.proj&quot; on node 1 (default targets).
BuildConceptualTopics:
  BuildAssembler (v2015.5.2.0)
  Copyright c 2006-2015, Microsoft Corporation, All Rights Reserved.
  Portions Copyright c 2006-2014, Eric Woodruff, All Rights Reserved.
  Loading configuration...
  ResolveReferenceLinksComponent: The MSDN content ID cache &#39;C:\Users\Srujan Jha\AppData\Local\EWSoftware\Sandcastle Help File Builder\Cache\MsdnContentId.cache&#39; does not exist yet.  All IDs will be looked up in this build which will slow it down.
  Processing topics...
  Processed 3 topic(s)
  CopyFromIndexComponent: &quot;metadata&quot; in-memory cache entries used: 1 of 15.
Done Building Project &quot;C:\Users\Srujan Jha\Documents\Visual Studio 2015\Projects\BuildmLearnStore\AppStore\Documentation\Help\Working\BuildConceptualTopics.proj&quot; (default targets).

Build succeeded.

Time Elapsed 00:00:02.22
    Last step completed in 00:00:02.6491
</buildStep>
<buildStep step="BuildReferenceTopics">
Building reference help topics...
[C:\Program Files (x86)\MSBuild\14.0\bin\MSBuild.exe]
Build started 7/29/2015 7:36:55 PM.
Project &quot;C:\Users\Srujan Jha\Documents\Visual Studio 2015\Projects\BuildmLearnStore\AppStore\Documentation\Help\Working\BuildReferenceTopics.proj&quot; on node 1 (default targets).
BuildReferenceTopics:
  BuildAssembler (v2015.5.2.0)
  Copyright c 2006-2015, Microsoft Corporation, All Rights Reserved.
  Portions Copyright c 2006-2014, Eric Woodruff, All Rights Reserved.
  Loading configuration...
  ResolveReferenceLinksComponent: The MSDN content ID cache &#39;C:\Users\Srujan Jha\AppData\Local\EWSoftware\Sandcastle Help File Builder\Cache\MsdnContentId.cache&#39; does not exist yet.  All IDs will be looked up in this build which will slow it down.
  Processing topics...
BuildAssembler : warning : ShowMissingComponent: [N:AppStore] Missing &lt;summary&gt; documentation [C:\Users\Srujan Jha\Documents\Visual Studio 2015\Projects\BuildmLearnStore\AppStore\Documentation\Help\Working\BuildReferenceTopics.proj]
BuildAssembler : warning : ShowMissingComponent: [F:AppStore.App._contentLoaded] Missing &lt;summary&gt; documentation [C:\Users\Srujan Jha\Documents\Visual Studio 2015\Projects\BuildmLearnStore\AppStore\Documentation\Help\Working\BuildReferenceTopics.proj]
BuildAssembler : warning : ShowMissingComponent: [F:AppStore.App._provider] Missing &lt;summary&gt; documentation [C:\Users\Srujan Jha\Documents\Visual Studio 2015\Projects\BuildmLearnStore\AppStore\Documentation\Help\Working\BuildReferenceTopics.proj]
BuildAssembler : warning : ShowMissingComponent: [M:AppStore.App.CommandInvokedHandler(Windows.UI.Popups.IUICommand)] Missing &lt;summary&gt; documentation [C:\Users\Srujan Jha\Documents\Visual Studio 2015\Projects\BuildmLearnStore\AppStore\Documentation\Help\Working\BuildReferenceTopics.proj]
BuildAssembler : warning : ShowMissingComponent: [M:AppStore.App.CommandInvokedHandler(Windows.UI.Popups.IUICommand)] Missing &lt;param name=&quot;command&quot;/&gt; documentation [C:\Users\Srujan Jha\Documents\Visual Studio 2015\Projects\BuildmLearnStore\AppStore\Documentation\Help\Working\BuildReferenceTopics.proj]
BuildAssembler : warning : ShowMissingComponent: [M:AppStore.App.Connect(System.Int32,System.Object)] Missing &lt;summary&gt; documentation [C:\Users\Srujan Jha\Documents\Visual Studio 2015\Projects\BuildmLearnStore\AppStore\Documentation\Help\Working\BuildReferenceTopics.proj]
BuildAssembler : warning : ShowMissingComponent: [M:AppStore.App.Connect(System.Int32,System.Object)] Missing &lt;param name=&quot;connectionId&quot;/&gt; documentation [C:\Users\Srujan Jha\Documents\Visual Studio 2015\Projects\BuildmLearnStore\AppStore\Documentation\Help\Working\BuildReferenceTopics.proj]
BuildAssembler : warning : ShowMissingComponent: [M:AppStore.App.Connect(System.Int32,System.Object)] Missing &lt;param name=&quot;target&quot;/&gt; documentation [C:\Users\Srujan Jha\Documents\Visual Studio 2015\Projects\BuildmLearnStore\AppStore\Documentation\Help\Working\BuildReferenceTopics.proj]
BuildAssembler : warning : ShowMissingComponent: [M:AppStore.App.ExtendSplashScreen] Missing &lt;summary&gt; documentation [C:\Users\Srujan Jha\Documents\Visual Studio 2015\Projects\BuildmLearnStore\AppStore\Documentation\Help\Working\BuildReferenceTopics.proj]
BuildAssembler : warning : ShowMissingComponent: [M:AppStore.App.GetXamlType(System.String)] Missing &lt;summary&gt; documentation [C:\Users\Srujan Jha\Documents\Visual Studio 2015\Projects\BuildmLearnStore\AppStore\Documentation\Help\Working\BuildReferenceTopics.proj]
BuildAssembler : warning : ShowMissingComponent: [M:AppStore.App.GetXamlType(System.String)] Missing &lt;returns&gt; documentation [C:\Users\Srujan Jha\Documents\Visual Studio 2015\Projects\BuildmLearnStore\AppStore\Documentation\Help\Working\BuildReferenceTopics.proj]
BuildAssembler : warning : ShowMissingComponent: [M:AppStore.App.GetXamlType(System.String)] Missing &lt;param name=&quot;fullName&quot;/&gt; documentation [C:\Users\Srujan Jha\Documents\Visual Studio 2015\Projects\BuildmLearnStore\AppStore\Documentation\Help\Working\BuildReferenceTopics.proj]
BuildAssembler : warning : ShowMissingComponent: [M:AppStore.App.GetXamlType(System.Type)] Missing &lt;summary&gt; documentation [C:\Users\Srujan Jha\Documents\Visual Studio 2015\Projects\BuildmLearnStore\AppStore\Documentation\Help\Working\BuildRe